Running main() from /home/parallels/autograder/csci-366-fall2023/grading/scripts/repos/aden_hartman/lmsm/test/lib/googletest/src/gtest_main.cc
[==========] Running 90 tests from 5 test suites.
[----------] Global test environment set-up.
[----------] 6 tests from instruction_construction
[ RUN      ] instruction_construction.multiplication_works_in_firth
/home/parallels/autograder/csci-366-fall2023/grading/scripts/repos/aden_hartman/lmsm/test/firth.cpp:19: Failure
Expected equality of these values:
  the_machine->accumulator
    Which is: 0
  6
[  FAILED  ] instruction_construction.multiplication_works_in_firth (1 ms)
[ RUN      ] instruction_construction.max_works_in_firth
/home/parallels/autograder/csci-366-fall2023/grading/scripts/repos/aden_hartman/lmsm/test/firth.cpp:31: Failure
Expected equality of these values:
  the_machine->accumulator
    Which is: 0
  3
[  FAILED  ] instruction_construction.max_works_in_firth (0 ms)
[ RUN      ] instruction_construction.make_instruction_basic_instruction_fields_are_set
